<?xml version="1.0" encoding="UTF-8"?>
<!-- Generated by org.testng.reporters.JUnitReportReporter -->
<testsuite hostname="sushants-Air.attlocal.net" name="com.mindtree.sdet.test.HomePageTest" tests="2" failures="0" timestamp="12 Feb 2020 03:34:13 GMT" time="35.778" errors="0">
  <testcase name="clickSignInTest" time="17.557" classname="com.mindtree.sdet.test.HomePageTest"/>
  <testcase name="homePageTitleTest" time="18.221" classname="com.mindtree.sdet.test.HomePageTest"/>
</testsuite> <!-- com.mindtree.sdet.test.HomePageTest -->
