<?xml version="1.0" encoding="UTF-8"?>
<!-- Generated by org.testng.reporters.JUnitReportReporter -->
<testsuite hostname="sushants-Air.attlocal.net" name="com.mindtree.sdet.test.LoginPageTest" tests="1" failures="0" timestamp="6 Feb 2020 05:34:27 GMT" time="10.851" errors="0">
  <testcase name="registerUserTest" time="10.851" classname="com.mindtree.sdet.test.LoginPageTest"/>
</testsuite> <!-- com.mindtree.sdet.test.LoginPageTest -->
