<?xml version="1.0" encoding="UTF-8"?>
<!-- Generated by org.testng.reporters.JUnitReportReporter -->
<testsuite hostname="sushants-Air.attlocal.net" name="com.mindtree.sdet.test.LandingPageTest" tests="2" failures="0" timestamp="12 Feb 2020 03:34:13 GMT" time="20.467" errors="0">
  <testcase name="loginTextTest" time="12.705" classname="com.mindtree.sdet.test.LandingPageTest"/>
  <testcase name="clickAllFurnTest" time="7.762" classname="com.mindtree.sdet.test.LandingPageTest"/>
</testsuite> <!-- com.mindtree.sdet.test.LandingPageTest -->
