<?xml version="1.0" encoding="UTF-8"?>
<!-- Generated by org.testng.reporters.JUnitReportReporter -->
<testsuite hostname="sushants-Air.attlocal.net" name="com.mindtree.sdet.util.DownloadFile" tests="1" failures="0" timestamp="22 Jan 2020 03:55:02 GMT" time="8.399" errors="0">
  <testcase name="downloadFileTest" time="8.399" classname="com.mindtree.sdet.util.DownloadFile"/>
</testsuite> <!-- com.mindtree.sdet.util.DownloadFile -->
