<?xml version="1.0" encoding="UTF-8"?>
<!-- Generated by org.testng.reporters.JUnitReportReporter -->
<testsuite hostname="sushants-Air.attlocal.net" name="com.mindtree.sdet.test.HomePageTest" tests="2" failures="0" timestamp="3 Feb 2020 05:12:33 GMT" time="1.589" errors="0">
  <testcase name="clickSignInTest" time="1.568" classname="com.mindtree.sdet.test.HomePageTest"/>
  <testcase name="homePageTitleTest" time="0.021" classname="com.mindtree.sdet.test.HomePageTest"/>
</testsuite> <!-- com.mindtree.sdet.test.HomePageTest -->
