<?xml version="1.0" encoding="UTF-8"?>
<!-- Generated by org.testng.reporters.JUnitReportReporter -->
<testsuite hostname="sushants-Air.attlocal.net" name="com.mindtree.sdet.test.HomePageTest" tests="2" failures="0" timestamp="23 Jan 2020 03:38:27 GMT" time="0.197" errors="0">
  <testcase name="homePageTitleTest" time="0.076" classname="com.mindtree.sdet.test.HomePageTest"/>
  <testcase name="clickSignInTest" time="0.121" classname="com.mindtree.sdet.test.HomePageTest"/>
</testsuite> <!-- com.mindtree.sdet.test.HomePageTest -->
