<?xml version="1.0" encoding="UTF-8"?>
<!-- Generated by org.testng.reporters.JUnitReportReporter -->
<testsuite hostname="sushants-Air.attlocal.net" name="com.mindtree.sdet.test.AboutPageTest" tests="1" failures="0" timestamp="23 Jan 2020 04:34:37 GMT" time="0.841" errors="0">
  <testcase name="ClickAboutPageButton" time="0.841" classname="com.mindtree.sdet.test.AboutPageTest"/>
</testsuite> <!-- com.mindtree.sdet.test.AboutPageTest -->
