<?xml version="1.0" encoding="UTF-8"?>
<!-- Generated by org.testng.reporters.JUnitReportReporter -->
<testsuite hostname="sushants-Air.attlocal.net" name="com.mindtree.sdet.test.LoginPageTest" tests="1" failures="0" timestamp="21 Jan 2020 03:36:26 GMT" time="2.106" errors="0">
  <testcase name="registerUser" time="2.106" classname="com.mindtree.sdet.test.LoginPageTest"/>
</testsuite> <!-- com.mindtree.sdet.test.LoginPageTest -->
