<?xml version="1.0" encoding="UTF-8"?>
<!-- Generated by org.testng.reporters.JUnitReportReporter -->
<testsuite hostname="sushants-Air.attlocal.net" name="com.mindtree.sdet.test.LandingPageTest" tests="2" failures="0" timestamp="6 Feb 2020 05:34:27 GMT" time="15.476" errors="0">
  <testcase name="clickAllFurnBtn" time="6.493" classname="com.mindtree.sdet.test.LandingPageTest"/>
  <testcase name="loginTextTest" time="8.983" classname="com.mindtree.sdet.test.LandingPageTest"/>
</testsuite> <!-- com.mindtree.sdet.test.LandingPageTest -->
