<?xml version="1.0" encoding="UTF-8"?>
<!-- Generated by org.testng.reporters.JUnitReportReporter -->
<testsuite hostname="sushants-Air.attlocal.net" name="com.mindtree.sdet.test.LoginPageTest" tests="1" failures="0" timestamp="26 Jan 2020 03:34:16 GMT" time="4.942" errors="0">
  <testcase name="registerUser" time="4.942" classname="com.mindtree.sdet.test.LoginPageTest"/>
</testsuite> <!-- com.mindtree.sdet.test.LoginPageTest -->
