<?xml version="1.0" encoding="UTF-8"?>
<!-- Generated by org.testng.reporters.JUnitReportReporter -->
<testsuite hostname="sushants-Air.attlocal.net" name="com.mindtree.sdet.util.UploadFile" tests="1" failures="0" timestamp="23 Jan 2020 05:35:14 GMT" time="5.947" errors="0">
  <testcase name="uploadFileTest" time="5.947" classname="com.mindtree.sdet.util.UploadFile"/>
</testsuite> <!-- com.mindtree.sdet.util.UploadFile -->
