<?xml version="1.0" encoding="UTF-8"?>
<!-- Generated by org.testng.reporters.JUnitReportReporter -->
<testsuite hostname="sushants-Air.attlocal.net" name="com.mindtree.sdet.test.LoginPageTest" tests="1" failures="0" timestamp="12 Feb 2020 03:34:13 GMT" time="9.531" errors="0">
  <testcase name="registerUserTest" time="9.531" classname="com.mindtree.sdet.test.LoginPageTest"/>
</testsuite> <!-- com.mindtree.sdet.test.LoginPageTest -->
