<?xml version="1.0" encoding="UTF-8"?>
<!-- Generated by org.testng.reporters.JUnitReportReporter -->
<testsuite hostname="sushants-Air.attlocal.net" name="com.mindtree.sdet.test.HomePageTest" tests="2" failures="0" timestamp="12 Feb 2020 00:38:06 GMT" time="24.384" errors="0">
  <testcase name="homePageTitleTest" time="13.300" classname="com.mindtree.sdet.test.HomePageTest"/>
  <testcase name="clickSignInTest" time="11.084" classname="com.mindtree.sdet.test.HomePageTest"/>
</testsuite> <!-- com.mindtree.sdet.test.HomePageTest -->
