<?xml version="1.0" encoding="UTF-8"?>
<!-- Generated by org.testng.reporters.JUnitReportReporter -->
<testsuite hostname="sushants-Air.attlocal.net" name="com.mindtree.sdet.test.MobileEmulationTest" tests="1" failures="0" timestamp="26 Jan 2020 02:36:40 GMT" time="5.015" errors="0">
  <testcase name="titleCheckMobile" time="5.015" classname="com.mindtree.sdet.test.MobileEmulationTest"/>
</testsuite> <!-- com.mindtree.sdet.test.MobileEmulationTest -->
