<?xml version="1.0" encoding="UTF-8"?>
<!-- Generated by org.testng.reporters.JUnitReportReporter -->
<testsuite hostname="sushants-Air.attlocal.net" name="com.mindtree.sdet.test.SellingPageTest" tests="1" failures="0" timestamp="5 Feb 2020 01:50:51 GMT" time="7.821" errors="0">
  <testcase name="clickbuyChairButton" time="7.821" classname="com.mindtree.sdet.test.SellingPageTest"/>
</testsuite> <!-- com.mindtree.sdet.test.SellingPageTest -->
