<?xml version="1.0" encoding="UTF-8"?>
<!-- Generated by org.testng.reporters.JUnitReportReporter -->
<testsuite hostname="sushants-MacBook-Air.local" name="com.mindtree.sdet.test.SellingPageTest" tests="1" failures="0" timestamp="4 Feb 2020 16:20:32 GMT" time="6.089" errors="0">
  <testcase name="clickbuyChairButton" time="6.089" classname="com.mindtree.sdet.test.SellingPageTest"/>
</testsuite> <!-- com.mindtree.sdet.test.SellingPageTest -->
